# JRE version: Java(TM) SE Runtime Environment (21.0.3+7) (build 21.0.3+7-LTS-152)
# Java VM: Java HotSpot(TM) 64-Bit Server VM (21.0.3+7-LTS-152, mixed mode, sharing, tiered, compressed oops, compressed class ptrs, g1 gc, windows-amd64)
GC Precious Log:
 CardTable entry size: 512
 Card Set container configuration: InlinePtr #cards 5 size 8 Array Of Cards #cards 12 size 40 Howl #buckets 4 coarsen threshold 1843 Howl Bitmap #cards 512 size 80 coarsen threshold 460 Card regions per heap region 1 cards per card region 2048
 CPUs: 8 total, 8 available
 Memory: 16092M
 Large Page Support: Disabled
 NUMA Support: Disabled
 Compressed Oops: Enabled (32-bit)
 Heap Region Size: 1M
 Heap Min Capacity: 256M
 Heap Initial Capacity: 256M
 Heap Max Capacity: 512M
 Pre-touch: Disabled
 Parallel Workers: 8
 Concurrent Workers: 2
 Concurrent Refinement Workers: 8
 Periodic GC: Disabled
Heap:
 garbage-first heap   total 262144K, used 173387K [0x00000000e0000000, 0x0000000100000000)
  region size 1024K, 93 young (95232K), 13 survivors (13312K)
 Metaspace       used 82945K, committed 85184K, reserved 458752K
  class space    used 11208K, committed 12352K, reserved 327680K
GC Heap History (20 events):
Event: 10.876 GC heap before
{Heap before GC invocations=9 (full 0):
 garbage-first heap   total 262144K, used 179821K [0x00000000e0000000, 0x0000000100000000)
  region size 1024K, 147 young (150528K), 8 survivors (8192K)
 Metaspace       used 54096K, committed 55808K, reserved 393216K
  class space    used 7611K, committed 8448K, reserved 327680K
}
Event: 10.888 GC heap after
{Heap after GC invocations=10 (full 0):
 garbage-first heap   total 262144K, used 41278K [0x00000000e0000000, 0x0000000100000000)
  region size 1024K, 18 young (18432K), 18 survivors (18432K)
 Metaspace       used 54096K, committed 55808K, reserved 393216K
  class space    used 7611K, committed 8448K, reserved 327680K
}
Event: 12.321 GC heap before
{Heap before GC invocations=10 (full 0):
 garbage-first heap   total 262144K, used 111934K [0x00000000e0000000, 0x0000000100000000)
  region size 1024K, 88 young (90112K), 18 survivors (18432K)
 Metaspace       used 59291K, committed 61120K, reserved 393216K
  class space    used 8457K, committed 9344K, reserved 327680K
}
Event: 12.339 GC heap after
{Heap after GC invocations=11 (full 0):
 garbage-first heap   total 262144K, used 47620K [0x00000000e0000000, 0x0000000100000000)
  region size 1024K, 7 young (7168K), 7 survivors (7168K)
 Metaspace       used 59291K, committed 61120K, reserved 393216K
  class space    used 8457K, committed 9344K, reserved 327680K
}
Event: 12.454 GC heap before
{Heap before GC invocations=11 (full 0):
 garbage-first heap   total 262144K, used 60932K [0x00000000e0000000, 0x0000000100000000)
  region size 1024K, 21 young (21504K), 7 survivors (7168K)
 Metaspace       used 59635K, committed 61440K, reserved 393216K
  class space    used 8519K, committed 9408K, reserved 327680K
}
Event: 12.459 GC heap after
{Heap after GC invocations=12 (full 0):
 garbage-first heap   total 262144K, used 47478K [0x00000000e0000000, 0x0000000100000000)
  region size 1024K, 7 young (7168K), 7 survivors (7168K)
 Metaspace       used 59635K, committed 61440K, reserved 393216K
  class space    used 8519K, committed 9408K, reserved 327680K
}
Event: 16.067 GC heap before
{Heap before GC invocations=13 (full 0):
 garbage-first heap   total 262144K, used 195958K [0x00000000e0000000, 0x0000000100000000)
  region size 1024K, 153 young (156672K), 7 survivors (7168K)
 Metaspace       used 65740K, committed 67840K, reserved 393216K
  class space    used 9280K, committed 10304K, reserved 327680K
}
Event: 16.080 GC heap after
{Heap after GC invocations=14 (full 0):
 garbage-first heap   total 262144K, used 60209K [0x00000000e0000000, 0x0000000100000000)
  region size 1024K, 20 young (20480K), 20 survivors (20480K)
 Metaspace       used 65740K, committed 67840K, reserved 393216K
  class space    used 9280K, committed 10304K, reserved 327680K
}
Event: 18.319 GC heap before
{Heap before GC invocations=14 (full 0):
 garbage-first heap   total 262144K, used 197425K [0x00000000e0000000, 0x0000000100000000)
  region size 1024K, 153 young (156672K), 20 survivors (20480K)
 Metaspace       used 74412K, committed 76480K, reserved 393216K
  class space    used 10374K, committed 11392K, reserved 327680K
}
Event: 18.346 GC heap after
{Heap after GC invocations=15 (full 0):
 garbage-first heap   total 262144K, used 75442K [0x00000000e0000000, 0x0000000100000000)
  region size 1024K, 19 young (19456K), 19 survivors (19456K)
 Metaspace       used 74412K, committed 76480K, reserved 393216K
  class space    used 10374K, committed 11392K, reserved 327680K
}
Event: 61.638 GC heap before
{Heap before GC invocations=15 (full 0):
 garbage-first heap   total 262144K, used 211634K [0x00000000e0000000, 0x0000000100000000)
  region size 1024K, 153 young (156672K), 19 survivors (19456K)
 Metaspace       used 79508K, committed 81728K, reserved 458752K
  class space    used 10997K, committed 12096K, reserved 327680K
}
Event: 61.657 GC heap after
{Heap after GC invocations=16 (full 0):
 garbage-first heap   total 262144K, used 79818K [0x00000000e0000000, 0x0000000100000000)
  region size 1024K, 11 young (11264K), 11 survivors (11264K)
 Metaspace       used 79508K, committed 81728K, reserved 458752K
  class space    used 10997K, committed 12096K, reserved 327680K
}
Event: 252.957 GC heap before
{Heap before GC invocations=16 (full 0):
 garbage-first heap   total 262144K, used 217034K [0x00000000e0000000, 0x0000000100000000)
  region size 1024K, 146 young (149504K), 11 survivors (11264K)
 Metaspace       used 80348K, committed 82560K, reserved 458752K
  class space    used 11009K, committed 12096K, reserved 327680K
}
Event: 252.966 GC heap after
{Heap after GC invocations=17 (full 0):
 garbage-first heap   total 262144K, used 77564K [0x00000000e0000000, 0x0000000100000000)
  region size 1024K, 8 young (8192K), 8 survivors (8192K)
 Metaspace       used 80348K, committed 82560K, reserved 458752K
  class space    used 11009K, committed 12096K, reserved 327680K
}
Event: 345.846 GC heap before
{Heap before GC invocations=18 (full 0):
 garbage-first heap   total 262144K, used 222972K [0x00000000e0000000, 0x0000000100000000)
  region size 1024K, 151 young (154624K), 8 survivors (8192K)
 Metaspace       used 80923K, committed 83136K, reserved 458752K
  class space    used 11033K, committed 12160K, reserved 327680K
}
Event: 345.852 GC heap after
{Heap after GC invocations=19 (full 0):
 garbage-first heap   total 262144K, used 78379K [0x00000000e0000000, 0x0000000100000000)
  region size 1024K, 9 young (9216K), 9 survivors (9216K)
 Metaspace       used 80923K, committed 83136K, reserved 458752K
  class space    used 11033K, committed 12160K, reserved 327680K
}
Event: 347.731 GC heap before
{Heap before GC invocations=19 (full 0):
 garbage-first heap   total 262144K, used 226859K [0x00000000e0000000, 0x0000000100000000)
  region size 1024K, 153 young (156672K), 9 survivors (9216K)
 Metaspace       used 82146K, committed 84416K, reserved 458752K
  class space    used 11157K, committed 12288K, reserved 327680K
}
Event: 347.742 GC heap after
{Heap after GC invocations=20 (full 0):
 garbage-first heap   total 262144K, used 92528K [0x00000000e0000000, 0x0000000100000000)
  region size 1024K, 20 young (20480K), 20 survivors (20480K)
 Metaspace       used 82146K, committed 84416K, reserved 458752K
  class space    used 11157K, committed 12288K, reserved 327680K
}
Event: 359.077 GC heap before
{Heap before GC invocations=20 (full 0):
 garbage-first heap   total 262144K, used 222576K [0x00000000e0000000, 0x0000000100000000)
  region size 1024K, 148 young (151552K), 20 survivors (20480K)
 Metaspace       used 82817K, committed 85056K, reserved 458752K
  class space    used 11205K, committed 12352K, reserved 327680K
}
Event: 359.090 GC heap after
{Heap after GC invocations=21 (full 0):
 garbage-first heap   total 262144K, used 94539K [0x00000000e0000000, 0x0000000100000000)
  region size 1024K, 13 young (13312K), 13 survivors (13312K)
 Metaspace       used 82817K, committed 85056K, reserved 458752K
  class space    used 11205K, committed 12352K, reserved 327680K
}

